<?xml version="1.0" encoding="UTF-8"?>
<testsuite xmlns:xsi="http://www.w3.org/2001/XMLSchema-instance" xsi:noNamespaceSchemaLocation="https://maven.apache.org/surefire/maven-surefire-plugin/xsd/surefire-test-report.xsd" name="kz.danke.kids.shop.service.CategoryServiceTest" time="0.138" tests="2" errors="0" skipped="0" failures="0">
  <properties>
    <property name="java.specification.version" value="14"/>
    <property name="sun.cpu.isalist" value="amd64"/>
    <property name="sun.jnu.encoding" value="Cp1251"/>
    <property name="java.class.path" value="C:\Users\viele\IdeaProjects\kids.shop.project\cloth.service\target\test-classes;C:\Users\viele\IdeaProjects\kids.shop.project\cloth.service\target\classes;C:\Users\viele\.m2\repository\org\springframework\boot\spring-boot-starter-data-elasticsearch\2.3.4.RELEASE\spring-boot-starter-data-elasticsearch-2.3.4.RELEASE.jar;C:\Users\viele\.m2\repository\org\springframework\boot\spring-boot-starter\2.3.4.RELEASE\spring-boot-starter-2.3.4.RELEASE.jar;C:\Users\viele\.m2\repository\org\springframework\boot\spring-boot\2.3.4.RELEASE\spring-boot-2.3.4.RELEASE.jar;C:\Users\viele\.m2\repository\org\springframework\boot\spring-boot-autoconfigure\2.3.4.RELEASE\spring-boot-autoconfigure-2.3.4.RELEASE.jar;C:\Users\viele\.m2\repository\org\springframework\boot\spring-boot-starter-logging\2.3.4.RELEASE\spring-boot-starter-logging-2.3.4.RELEASE.jar;C:\Users\viele\.m2\repository\ch\qos\logback\logback-classic\1.2.3\logback-classic-1.2.3.jar;C:\Users\viele\.m2\repository\ch\qos\logback\logback-core\1.2.3\logback-core-1.2.3.jar;C:\Users\viele\.m2\repository\org\apache\logging\log4j\log4j-to-slf4j\2.13.3\log4j-to-slf4j-2.13.3.jar;C:\Users\viele\.m2\repository\org\apache\logging\log4j\log4j-api\2.13.3\log4j-api-2.13.3.jar;C:\Users\viele\.m2\repository\org\slf4j\jul-to-slf4j\1.7.30\jul-to-slf4j-1.7.30.jar;C:\Users\viele\.m2\repository\jakarta\annotation\jakarta.annotation-api\1.3.5\jakarta.annotation-api-1.3.5.jar;C:\Users\viele\.m2\repository\org\yaml\snakeyaml\1.26\snakeyaml-1.26.jar;C:\Users\viele\.m2\repository\org\springframework\data\spring-data-elasticsearch\4.0.4.RELEASE\spring-data-elasticsearch-4.0.4.RELEASE.jar;C:\Users\viele\.m2\repository\org\springframework\spring-context\5.2.9.RELEASE\spring-context-5.2.9.RELEASE.jar;C:\Users\viele\.m2\repository\org\springframework\spring-aop\5.2.9.RELEASE\spring-aop-5.2.9.RELEASE.jar;C:\Users\viele\.m2\repository\org\springframework\spring-expression\5.2.9.RELEASE\spring-expression-5.2.9.RELEASE.jar;C:\Users\viele\.m2\repository\org\springframework\spring-tx\5.2.9.RELEASE\spring-tx-5.2.9.RELEASE.jar;C:\Users\viele\.m2\repository\org\springframework\data\spring-data-commons\2.3.4.RELEASE\spring-data-commons-2.3.4.RELEASE.jar;C:\Users\viele\.m2\repository\org\elasticsearch\plugin\transport-netty4-client\7.6.2\transport-netty4-client-7.6.2.jar;C:\Users\viele\.m2\repository\io\netty\netty-buffer\4.1.52.Final\netty-buffer-4.1.52.Final.jar;C:\Users\viele\.m2\repository\io\netty\netty-codec\4.1.52.Final\netty-codec-4.1.52.Final.jar;C:\Users\viele\.m2\repository\io\netty\netty-codec-http\4.1.52.Final\netty-codec-http-4.1.52.Final.jar;C:\Users\viele\.m2\repository\io\netty\netty-common\4.1.52.Final\netty-common-4.1.52.Final.jar;C:\Users\viele\.m2\repository\io\netty\netty-handler\4.1.52.Final\netty-handler-4.1.52.Final.jar;C:\Users\viele\.m2\repository\io\netty\netty-resolver\4.1.52.Final\netty-resolver-4.1.52.Final.jar;C:\Users\viele\.m2\repository\io\netty\netty-transport\4.1.52.Final\netty-transport-4.1.52.Final.jar;C:\Users\viele\.m2\repository\org\elasticsearch\client\elasticsearch-rest-high-level-client\7.6.2\elasticsearch-rest-high-level-client-7.6.2.jar;C:\Users\viele\.m2\repository\org\elasticsearch\elasticsearch\7.6.2\elasticsearch-7.6.2.jar;C:\Users\viele\.m2\repository\org\elasticsearch\elasticsearch-core\7.6.2\elasticsearch-core-7.6.2.jar;C:\Users\viele\.m2\repository\org\elasticsearch\elasticsearch-secure-sm\7.6.2\elasticsearch-secure-sm-7.6.2.jar;C:\Users\viele\.m2\repository\org\elasticsearch\elasticsearch-x-content\7.6.2\elasticsearch-x-content-7.6.2.jar;C:\Users\viele\.m2\repository\com\fasterxml\jackson\dataformat\jackson-dataformat-smile\2.11.2\jackson-dataformat-smile-2.11.2.jar;C:\Users\viele\.m2\repository\com\fasterxml\jackson\dataformat\jackson-dataformat-yaml\2.11.2\jackson-dataformat-yaml-2.11.2.jar;C:\Users\viele\.m2\repository\com\fasterxml\jackson\dataformat\jackson-dataformat-cbor\2.11.2\jackson-dataformat-cbor-2.11.2.jar;C:\Users\viele\.m2\repository\org\elasticsearch\elasticsearch-geo\7.6.2\elasticsearch-geo-7.6.2.jar;C:\Users\viele\.m2\repository\org\apache\lucene\lucene-core\8.4.0\lucene-core-8.4.0.jar;C:\Users\viele\.m2\repository\org\apache\lucene\lucene-analyzers-common\8.4.0\lucene-analyzers-common-8.4.0.jar;C:\Users\viele\.m2\repository\org\apache\lucene\lucene-backward-codecs\8.4.0\lucene-backward-codecs-8.4.0.jar;C:\Users\viele\.m2\repository\org\apache\lucene\lucene-grouping\8.4.0\lucene-grouping-8.4.0.jar;C:\Users\viele\.m2\repository\org\apache\lucene\lucene-highlighter\8.4.0\lucene-highlighter-8.4.0.jar;C:\Users\viele\.m2\repository\org\apache\lucene\lucene-join\8.4.0\lucene-join-8.4.0.jar;C:\Users\viele\.m2\repository\org\apache\lucene\lucene-memory\8.4.0\lucene-memory-8.4.0.jar;C:\Users\viele\.m2\repository\org\apache\lucene\lucene-misc\8.4.0\lucene-misc-8.4.0.jar;C:\Users\viele\.m2\repository\org\apache\lucene\lucene-queries\8.4.0\lucene-queries-8.4.0.jar;C:\Users\viele\.m2\repository\org\apache\lucene\lucene-queryparser\8.4.0\lucene-queryparser-8.4.0.jar;C:\Users\viele\.m2\repository\org\apache\lucene\lucene-sandbox\8.4.0\lucene-sandbox-8.4.0.jar;C:\Users\viele\.m2\repository\org\apache\lucene\lucene-spatial\8.4.0\lucene-spatial-8.4.0.jar;C:\Users\viele\.m2\repository\org\apache\lucene\lucene-spatial-extras\8.4.0\lucene-spatial-extras-8.4.0.jar;C:\Users\viele\.m2\repository\org\apache\lucene\lucene-spatial3d\8.4.0\lucene-spatial3d-8.4.0.jar;C:\Users\viele\.m2\repository\org\apache\lucene\lucene-suggest\8.4.0\lucene-suggest-8.4.0.jar;C:\Users\viele\.m2\repository\org\elasticsearch\elasticsearch-cli\7.6.2\elasticsearch-cli-7.6.2.jar;C:\Users\viele\.m2\repository\net\sf\jopt-simple\jopt-simple\5.0.2\jopt-simple-5.0.2.jar;C:\Users\viele\.m2\repository\com\carrotsearch\hppc\0.8.1\hppc-0.8.1.jar;C:\Users\viele\.m2\repository\joda-time\joda-time\2.10.4\joda-time-2.10.4.jar;C:\Users\viele\.m2\repository\com\tdunning\t-digest\3.2\t-digest-3.2.jar;C:\Users\viele\.m2\repository\org\elasticsearch\jna\4.5.1\jna-4.5.1.jar;C:\Users\viele\.m2\repository\org\elasticsearch\client\elasticsearch-rest-client\7.6.2\elasticsearch-rest-client-7.6.2.jar;C:\Users\viele\.m2\repository\org\apache\httpcomponents\httpasyncclient\4.1.4\httpasyncclient-4.1.4.jar;C:\Users\viele\.m2\repository\org\apache\httpcomponents\httpcore-nio\4.4.13\httpcore-nio-4.4.13.jar;C:\Users\viele\.m2\repository\org\elasticsearch\plugin\mapper-extras-client\7.6.2\mapper-extras-client-7.6.2.jar;C:\Users\viele\.m2\repository\org\elasticsearch\plugin\parent-join-client\7.6.2\parent-join-client-7.6.2.jar;C:\Users\viele\.m2\repository\org\elasticsearch\plugin\aggs-matrix-stats-client\7.6.2\aggs-matrix-stats-client-7.6.2.jar;C:\Users\viele\.m2\repository\org\elasticsearch\plugin\rank-eval-client\7.6.2\rank-eval-client-7.6.2.jar;C:\Users\viele\.m2\repository\org\elasticsearch\plugin\lang-mustache-client\7.6.2\lang-mustache-client-7.6.2.jar;C:\Users\viele\.m2\repository\com\github\spullara\mustache\java\compiler\0.9.6\compiler-0.9.6.jar;C:\Users\viele\.m2\repository\com\fasterxml\jackson\core\jackson-core\2.11.2\jackson-core-2.11.2.jar;C:\Users\viele\.m2\repository\org\slf4j\slf4j-api\1.7.30\slf4j-api-1.7.30.jar;C:\Users\viele\.m2\repository\org\springframework\boot\spring-boot-starter-validation\2.3.4.RELEASE\spring-boot-starter-validation-2.3.4.RELEASE.jar;C:\Users\viele\.m2\repository\org\glassfish\jakarta.el\3.0.3\jakarta.el-3.0.3.jar;C:\Users\viele\.m2\repository\org\hibernate\validator\hibernate-validator\6.1.5.Final\hibernate-validator-6.1.5.Final.jar;C:\Users\viele\.m2\repository\jakarta\validation\jakarta.validation-api\2.0.2\jakarta.validation-api-2.0.2.jar;C:\Users\viele\.m2\repository\org\jboss\logging\jboss-logging\3.4.1.Final\jboss-logging-3.4.1.Final.jar;C:\Users\viele\.m2\repository\com\fasterxml\classmate\1.5.1\classmate-1.5.1.jar;C:\Users\viele\.m2\repository\org\springframework\boot\spring-boot-starter-webflux\2.3.4.RELEASE\spring-boot-starter-webflux-2.3.4.RELEASE.jar;C:\Users\viele\.m2\repository\org\springframework\boot\spring-boot-starter-json\2.3.4.RELEASE\spring-boot-starter-json-2.3.4.RELEASE.jar;C:\Users\viele\.m2\repository\com\fasterxml\jackson\datatype\jackson-datatype-jdk8\2.11.2\jackson-datatype-jdk8-2.11.2.jar;C:\Users\viele\.m2\repository\com\fasterxml\jackson\datatype\jackson-datatype-jsr310\2.11.2\jackson-datatype-jsr310-2.11.2.jar;C:\Users\viele\.m2\repository\com\fasterxml\jackson\module\jackson-module-parameter-names\2.11.2\jackson-module-parameter-names-2.11.2.jar;C:\Users\viele\.m2\repository\org\springframework\boot\spring-boot-starter-reactor-netty\2.3.4.RELEASE\spring-boot-starter-reactor-netty-2.3.4.RELEASE.jar;C:\Users\viele\.m2\repository\io\projectreactor\netty\reactor-netty\0.9.12.RELEASE\reactor-netty-0.9.12.RELEASE.jar;C:\Users\viele\.m2\repository\io\netty\netty-codec-http2\4.1.52.Final\netty-codec-http2-4.1.52.Final.jar;C:\Users\viele\.m2\repository\io\netty\netty-handler-proxy\4.1.52.Final\netty-handler-proxy-4.1.52.Final.jar;C:\Users\viele\.m2\repository\io\netty\netty-codec-socks\4.1.52.Final\netty-codec-socks-4.1.52.Final.jar;C:\Users\viele\.m2\repository\io\netty\netty-transport-native-epoll\4.1.52.Final\netty-transport-native-epoll-4.1.52.Final-linux-x86_64.jar;C:\Users\viele\.m2\repository\io\netty\netty-transport-native-unix-common\4.1.52.Final\netty-transport-native-unix-common-4.1.52.Final.jar;C:\Users\viele\.m2\repository\org\springframework\spring-web\5.2.9.RELEASE\spring-web-5.2.9.RELEASE.jar;C:\Users\viele\.m2\repository\org\springframework\spring-beans\5.2.9.RELEASE\spring-beans-5.2.9.RELEASE.jar;C:\Users\viele\.m2\repository\org\springframework\spring-webflux\5.2.9.RELEASE\spring-webflux-5.2.9.RELEASE.jar;C:\Users\viele\.m2\repository\org\synchronoss\cloud\nio-multipart-parser\1.1.0\nio-multipart-parser-1.1.0.jar;C:\Users\viele\.m2\repository\org\synchronoss\cloud\nio-stream-storage\1.1.3\nio-stream-storage-1.1.3.jar;C:\Users\viele\.m2\repository\org\springframework\cloud\spring-cloud-starter-netflix-eureka-client\2.2.5.RELEASE\spring-cloud-starter-netflix-eureka-client-2.2.5.RELEASE.jar;C:\Users\viele\.m2\repository\org\springframework\cloud\spring-cloud-starter\2.2.5.RELEASE\spring-cloud-starter-2.2.5.RELEASE.jar;C:\Users\viele\.m2\repository\org\springframework\cloud\spring-cloud-context\2.2.5.RELEASE\spring-cloud-context-2.2.5.RELEASE.jar;C:\Users\viele\.m2\repository\org\springframework\security\spring-security-crypto\5.3.4.RELEASE\spring-security-crypto-5.3.4.RELEASE.jar;C:\Users\viele\.m2\repository\org\springframework\cloud\spring-cloud-commons\2.2.5.RELEASE\spring-cloud-commons-2.2.5.RELEASE.jar;C:\Users\viele\.m2\repository\org\springframework\security\spring-security-rsa\1.0.9.RELEASE\spring-security-rsa-1.0.9.RELEASE.jar;C:\Users\viele\.m2\repository\org\bouncycastle\bcpkix-jdk15on\1.64\bcpkix-jdk15on-1.64.jar;C:\Users\viele\.m2\repository\org\bouncycastle\bcprov-jdk15on\1.64\bcprov-jdk15on-1.64.jar;C:\Users\viele\.m2\repository\org\springframework\cloud\spring-cloud-netflix-hystrix\2.2.5.RELEASE\spring-cloud-netflix-hystrix-2.2.5.RELEASE.jar;C:\Users\viele\.m2\repository\org\springframework\boot\spring-boot-starter-aop\2.3.4.RELEASE\spring-boot-starter-aop-2.3.4.RELEASE.jar;C:\Users\viele\.m2\repository\org\aspectj\aspectjweaver\1.9.6\aspectjweaver-1.9.6.jar;C:\Users\viele\.m2\repository\org\springframework\cloud\spring-cloud-netflix-eureka-client\2.2.5.RELEASE\spring-cloud-netflix-eureka-client-2.2.5.RELEASE.jar;C:\Users\viele\.m2\repository\com\netflix\eureka\eureka-client\1.9.25\eureka-client-1.9.25.jar;C:\Users\viele\.m2\repository\org\codehaus\jettison\jettison\1.3.7\jettison-1.3.7.jar;C:\Users\viele\.m2\repository\stax\stax-api\1.0.1\stax-api-1.0.1.jar;C:\Users\viele\.m2\repository\com\netflix\netflix-commons\netflix-eventbus\0.3.0\netflix-eventbus-0.3.0.jar;C:\Users\viele\.m2\repository\com\netflix\netflix-commons\netflix-infix\0.3.0\netflix-infix-0.3.0.jar;C:\Users\viele\.m2\repository\commons-jxpath\commons-jxpath\1.3\commons-jxpath-1.3.jar;C:\Users\viele\.m2\repository\org\antlr\antlr-runtime\3.4\antlr-runtime-3.4.jar;C:\Users\viele\.m2\repository\org\antlr\stringtemplate\3.2.1\stringtemplate-3.2.1.jar;C:\Users\viele\.m2\repository\antlr\antlr\2.7.7\antlr-2.7.7.jar;C:\Users\viele\.m2\repository\com\google\code\gson\gson\2.8.6\gson-2.8.6.jar;C:\Users\viele\.m2\repository\org\apache\commons\commons-math\2.2\commons-math-2.2.jar;C:\Users\viele\.m2\repository\com\netflix\archaius\archaius-core\0.7.6\archaius-core-0.7.6.jar;C:\Users\viele\.m2\repository\com\google\guava\guava\29.0-jre\guava-29.0-jre.jar;C:\Users\viele\.m2\repository\com\google\guava\failureaccess\1.0.1\failureaccess-1.0.1.jar;C:\Users\viele\.m2\repository\com\google\guava\listenablefuture\9999.0-empty-to-avoid-conflict-with-guava\listenablefuture-9999.0-empty-to-avoid-conflict-with-guava.jar;C:\Users\viele\.m2\repository\org\checkerframework\checker-qual\2.11.1\checker-qual-2.11.1.jar;C:\Users\viele\.m2\repository\com\google\errorprone\error_prone_annotations\2.3.4\error_prone_annotations-2.3.4.jar;C:\Users\viele\.m2\repository\com\google\j2objc\j2objc-annotations\1.3\j2objc-annotations-1.3.jar;C:\Users\viele\.m2\repository\javax\ws\rs\jsr311-api\1.1.1\jsr311-api-1.1.1.jar;C:\Users\viele\.m2\repository\com\netflix\servo\servo-core\0.12.21\servo-core-0.12.21.jar;C:\Users\viele\.m2\repository\com\sun\jersey\jersey-core\1.19.1\jersey-core-1.19.1.jar;C:\Users\viele\.m2\repository\com\sun\jersey\jersey-client\1.19.1\jersey-client-1.19.1.jar;C:\Users\viele\.m2\repository\com\sun\jersey\contribs\jersey-apache-client4\1.19.1\jersey-apache-client4-1.19.1.jar;C:\Users\viele\.m2\repository\org\apache\httpcomponents\httpclient\4.5.12\httpclient-4.5.12.jar;C:\Users\viele\.m2\repository\org\apache\httpcomponents\httpcore\4.4.13\httpcore-4.4.13.jar;C:\Users\viele\.m2\repository\commons-codec\commons-codec\1.14\commons-codec-1.14.jar;C:\Users\viele\.m2\repository\commons-configuration\commons-configuration\1.10\commons-configuration-1.10.jar;C:\Users\viele\.m2\repository\commons-lang\commons-lang\2.6\commons-lang-2.6.jar;C:\Users\viele\.m2\repository\com\google\inject\guice\4.1.0\guice-4.1.0.jar;C:\Users\viele\.m2\repository\javax\inject\javax.inject\1\javax.inject-1.jar;C:\Users\viele\.m2\repository\aopalliance\aopalliance\1.0\aopalliance-1.0.jar;C:\Users\viele\.m2\repository\com\fasterxml\jackson\core\jackson-annotations\2.11.2\jackson-annotations-2.11.2.jar;C:\Users\viele\.m2\repository\com\netflix\eureka\eureka-core\1.9.25\eureka-core-1.9.25.jar;C:\Users\viele\.m2\repository\com\fasterxml\woodstox\woodstox-core\5.3.0\woodstox-core-5.3.0.jar;C:\Users\viele\.m2\repository\org\codehaus\woodstox\stax2-api\4.2\stax2-api-4.2.jar;C:\Users\viele\.m2\repository\org\springframework\cloud\spring-cloud-starter-netflix-archaius\2.2.5.RELEASE\spring-cloud-starter-netflix-archaius-2.2.5.RELEASE.jar;C:\Users\viele\.m2\repository\org\springframework\cloud\spring-cloud-netflix-ribbon\2.2.5.RELEASE\spring-cloud-netflix-ribbon-2.2.5.RELEASE.jar;C:\Users\viele\.m2\repository\org\springframework\cloud\spring-cloud-netflix-archaius\2.2.5.RELEASE\spring-cloud-netflix-archaius-2.2.5.RELEASE.jar;C:\Users\viele\.m2\repository\org\springframework\cloud\spring-cloud-starter-netflix-ribbon\2.2.5.RELEASE\spring-cloud-starter-netflix-ribbon-2.2.5.RELEASE.jar;C:\Users\viele\.m2\repository\com\netflix\ribbon\ribbon\2.3.0\ribbon-2.3.0.jar;C:\Users\viele\.m2\repository\com\netflix\ribbon\ribbon-transport\2.3.0\ribbon-transport-2.3.0.jar;C:\Users\viele\.m2\repository\io\reactivex\rxnetty-contexts\0.4.9\rxnetty-contexts-0.4.9.jar;C:\Users\viele\.m2\repository\io\reactivex\rxnetty-servo\0.4.9\rxnetty-servo-0.4.9.jar;C:\Users\viele\.m2\repository\com\netflix\hystrix\hystrix-core\1.5.18\hystrix-core-1.5.18.jar;C:\Users\viele\.m2\repository\io\reactivex\rxnetty\0.4.9\rxnetty-0.4.9.jar;C:\Users\viele\.m2\repository\com\netflix\ribbon\ribbon-core\2.3.0\ribbon-core-2.3.0.jar;C:\Users\viele\.m2\repository\com\netflix\ribbon\ribbon-httpclient\2.3.0\ribbon-httpclient-2.3.0.jar;C:\Users\viele\.m2\repository\commons-collections\commons-collections\3.2.2\commons-collections-3.2.2.jar;C:\Users\viele\.m2\repository\com\netflix\netflix-commons\netflix-commons-util\0.3.0\netflix-commons-util-0.3.0.jar;C:\Users\viele\.m2\repository\com\netflix\ribbon\ribbon-loadbalancer\2.3.0\ribbon-loadbalancer-2.3.0.jar;C:\Users\viele\.m2\repository\com\netflix\netflix-commons\netflix-statistics\0.1.1\netflix-statistics-0.1.1.jar;C:\Users\viele\.m2\repository\io\reactivex\rxjava\1.3.8\rxjava-1.3.8.jar;C:\Users\viele\.m2\repository\org\springframework\cloud\spring-cloud-starter-loadbalancer\2.2.5.RELEASE\spring-cloud-starter-loadbalancer-2.2.5.RELEASE.jar;C:\Users\viele\.m2\repository\org\springframework\cloud\spring-cloud-loadbalancer\2.2.5.RELEASE\spring-cloud-loadbalancer-2.2.5.RELEASE.jar;C:\Users\viele\.m2\repository\io\projectreactor\addons\reactor-extra\3.3.4.RELEASE\reactor-extra-3.3.4.RELEASE.jar;C:\Users\viele\.m2\repository\org\springframework\boot\spring-boot-starter-cache\2.3.4.RELEASE\spring-boot-starter-cache-2.3.4.RELEASE.jar;C:\Users\viele\.m2\repository\org\springframework\spring-context-support\5.2.9.RELEASE\spring-context-support-5.2.9.RELEASE.jar;C:\Users\viele\.m2\repository\com\stoyanr\evictor\1.0.0\evictor-1.0.0.jar;C:\Users\viele\.m2\repository\com\netflix\ribbon\ribbon-eureka\2.3.0\ribbon-eureka-2.3.0.jar;C:\Users\viele\.m2\repository\com\thoughtworks\xstream\xstream\1.4.11.1\xstream-1.4.11.1.jar;C:\Users\viele\.m2\repository\xmlpull\xmlpull\1.1.3.1\xmlpull-1.1.3.1.jar;C:\Users\viele\.m2\repository\xpp3\xpp3_min\1.1.4c\xpp3_min-1.1.4c.jar;C:\Users\viele\.m2\repository\org\springframework\boot\spring-boot-starter-actuator\2.3.4.RELEASE\spring-boot-starter-actuator-2.3.4.RELEASE.jar;C:\Users\viele\.m2\repository\org\springframework\boot\spring-boot-actuator-autoconfigure\2.3.4.RELEASE\spring-boot-actuator-autoconfigure-2.3.4.RELEASE.jar;C:\Users\viele\.m2\repository\org\springframework\boot\spring-boot-actuator\2.3.4.RELEASE\spring-boot-actuator-2.3.4.RELEASE.jar;C:\Users\viele\.m2\repository\io\micrometer\micrometer-core\1.5.5\micrometer-core-1.5.5.jar;C:\Users\viele\.m2\repository\org\hdrhistogram\HdrHistogram\2.1.12\HdrHistogram-2.1.12.jar;C:\Users\viele\.m2\repository\org\latencyutils\LatencyUtils\2.0.3\LatencyUtils-2.0.3.jar;C:\Users\viele\.m2\repository\org\springframework\cloud\spring-cloud-starter-config\2.2.5.RELEASE\spring-cloud-starter-config-2.2.5.RELEASE.jar;C:\Users\viele\.m2\repository\org\springframework\cloud\spring-cloud-config-client\2.2.5.RELEASE\spring-cloud-config-client-2.2.5.RELEASE.jar;C:\Users\viele\.m2\repository\com\fasterxml\jackson\core\jackson-databind\2.11.2\jackson-databind-2.11.2.jar;C:\Users\viele\.m2\repository\org\springframework\cloud\spring-cloud-starter-bus-amqp\2.2.3.RELEASE\spring-cloud-starter-bus-amqp-2.2.3.RELEASE.jar;C:\Users\viele\.m2\repository\org\springframework\cloud\spring-cloud-starter-stream-rabbit\3.0.8.RELEASE\spring-cloud-starter-stream-rabbit-3.0.8.RELEASE.jar;C:\Users\viele\.m2\repository\org\springframework\cloud\spring-cloud-stream-binder-rabbit\3.0.8.RELEASE\spring-cloud-stream-binder-rabbit-3.0.8.RELEASE.jar;C:\Users\viele\.m2\repository\org\springframework\cloud\spring-cloud-stream-binder-rabbit-core\3.0.8.RELEASE\spring-cloud-stream-binder-rabbit-core-3.0.8.RELEASE.jar;C:\Users\viele\.m2\repository\org\springframework\integration\spring-integration-amqp\5.3.2.RELEASE\spring-integration-amqp-5.3.2.RELEASE.jar;C:\Users\viele\.m2\repository\com\rabbitmq\http-client\2.1.0.RELEASE\http-client-2.1.0.RELEASE.jar;C:\Users\viele\.m2\repository\org\springframework\boot\spring-boot-starter-amqp\2.3.4.RELEASE\spring-boot-starter-amqp-2.3.4.RELEASE.jar;C:\Users\viele\.m2\repository\org\springframework\amqp\spring-rabbit\2.2.11.RELEASE\spring-rabbit-2.2.11.RELEASE.jar;C:\Users\viele\.m2\repository\com\rabbitmq\amqp-client\5.9.0\amqp-client-5.9.0.jar;C:\Users\viele\.m2\repository\org\springframework\amqp\spring-amqp\2.2.11.RELEASE\spring-amqp-2.2.11.RELEASE.jar;C:\Users\viele\.m2\repository\org\springframework\integration\spring-integration-jmx\5.3.2.RELEASE\spring-integration-jmx-5.3.2.RELEASE.jar;C:\Users\viele\.m2\repository\org\springframework\cloud\spring-cloud-bus\2.2.3.RELEASE\spring-cloud-bus-2.2.3.RELEASE.jar;C:\Users\viele\.m2\repository\org\springframework\cloud\spring-cloud-stream\3.0.8.RELEASE\spring-cloud-stream-3.0.8.RELEASE.jar;C:\Users\viele\.m2\repository\org\springframework\spring-messaging\5.2.9.RELEASE\spring-messaging-5.2.9.RELEASE.jar;C:\Users\viele\.m2\repository\org\springframework\retry\spring-retry\1.2.5.RELEASE\spring-retry-1.2.5.RELEASE.jar;C:\Users\viele\.m2\repository\org\springframework\cloud\spring-cloud-function-context\3.0.10.RELEASE\spring-cloud-function-context-3.0.10.RELEASE.jar;C:\Users\viele\.m2\repository\net\jodah\typetools\0.6.2\typetools-0.6.2.jar;C:\Users\viele\.m2\repository\org\springframework\cloud\spring-cloud-function-core\3.0.10.RELEASE\spring-cloud-function-core-3.0.10.RELEASE.jar;C:\Users\viele\.m2\repository\javax\annotation\javax.annotation-api\1.3.2\javax.annotation-api-1.3.2.jar;C:\Users\viele\.m2\repository\org\springframework\integration\spring-integration-core\5.3.2.RELEASE\spring-integration-core-5.3.2.RELEASE.jar;C:\Users\viele\.m2\repository\org\springframework\boot\spring-boot-configuration-processor\2.3.4.RELEASE\spring-boot-configuration-processor-2.3.4.RELEASE.jar;C:\Users\viele\.m2\repository\org\projectlombok\lombok\1.18.12\lombok-1.18.12.jar;C:\Users\viele\.m2\repository\org\springframework\boot\spring-boot-starter-test\2.3.4.RELEASE\spring-boot-starter-test-2.3.4.RELEASE.jar;C:\Users\viele\.m2\repository\org\springframework\boot\spring-boot-test\2.3.4.RELEASE\spring-boot-test-2.3.4.RELEASE.jar;C:\Users\viele\.m2\repository\org\springframework\boot\spring-boot-test-autoconfigure\2.3.4.RELEASE\spring-boot-test-autoconfigure-2.3.4.RELEASE.jar;C:\Users\viele\.m2\repository\com\jayway\jsonpath\json-path\2.4.0\json-path-2.4.0.jar;C:\Users\viele\.m2\repository\net\minidev\json-smart\2.3\json-smart-2.3.jar;C:\Users\viele\.m2\repository\net\minidev\accessors-smart\1.2\accessors-smart-1.2.jar;C:\Users\viele\.m2\repository\org\ow2\asm\asm\5.0.4\asm-5.0.4.jar;C:\Users\viele\.m2\repository\jakarta\xml\bind\jakarta.xml.bind-api\2.3.3\jakarta.xml.bind-api-2.3.3.jar;C:\Users\viele\.m2\repository\jakarta\activation\jakarta.activation-api\1.2.2\jakarta.activation-api-1.2.2.jar;C:\Users\viele\.m2\repository\org\assertj\assertj-core\3.16.1\assertj-core-3.16.1.jar;C:\Users\viele\.m2\repository\org\hamcrest\hamcrest\2.2\hamcrest-2.2.jar;C:\Users\viele\.m2\repository\org\junit\jupiter\junit-jupiter\5.6.2\junit-jupiter-5.6.2.jar;C:\Users\viele\.m2\repository\org\junit\jupiter\junit-jupiter-api\5.6.2\junit-jupiter-api-5.6.2.jar;C:\Users\viele\.m2\repository\org\apiguardian\apiguardian-api\1.1.0\apiguardian-api-1.1.0.jar;C:\Users\viele\.m2\repository\org\opentest4j\opentest4j\1.2.0\opentest4j-1.2.0.jar;C:\Users\viele\.m2\repository\org\junit\platform\junit-platform-commons\1.6.2\junit-platform-commons-1.6.2.jar;C:\Users\viele\.m2\repository\org\junit\jupiter\junit-jupiter-params\5.6.2\junit-jupiter-params-5.6.2.jar;C:\Users\viele\.m2\repository\org\junit\jupiter\junit-jupiter-engine\5.6.2\junit-jupiter-engine-5.6.2.jar;C:\Users\viele\.m2\repository\org\junit\platform\junit-platform-engine\1.6.2\junit-platform-engine-1.6.2.jar;C:\Users\viele\.m2\repository\org\mockito\mockito-core\3.3.3\mockito-core-3.3.3.jar;C:\Users\viele\.m2\repository\net\bytebuddy\byte-buddy\1.10.14\byte-buddy-1.10.14.jar;C:\Users\viele\.m2\repository\net\bytebuddy\byte-buddy-agent\1.10.14\byte-buddy-agent-1.10.14.jar;C:\Users\viele\.m2\repository\org\objenesis\objenesis\2.6\objenesis-2.6.jar;C:\Users\viele\.m2\repository\org\mockito\mockito-junit-jupiter\3.3.3\mockito-junit-jupiter-3.3.3.jar;C:\Users\viele\.m2\repository\org\skyscreamer\jsonassert\1.5.0\jsonassert-1.5.0.jar;C:\Users\viele\.m2\repository\com\vaadin\external\google\android-json\0.0.20131108.vaadin1\android-json-0.0.20131108.vaadin1.jar;C:\Users\viele\.m2\repository\org\springframework\spring-core\5.2.9.RELEASE\spring-core-5.2.9.RELEASE.jar;C:\Users\viele\.m2\repository\org\springframework\spring-jcl\5.2.9.RELEASE\spring-jcl-5.2.9.RELEASE.jar;C:\Users\viele\.m2\repository\org\springframework\spring-test\5.2.9.RELEASE\spring-test-5.2.9.RELEASE.jar;C:\Users\viele\.m2\repository\org\xmlunit\xmlunit-core\2.7.0\xmlunit-core-2.7.0.jar;C:\Users\viele\.m2\repository\io\projectreactor\reactor-test\3.3.10.RELEASE\reactor-test-3.3.10.RELEASE.jar;C:\Users\viele\.m2\repository\io\projectreactor\reactor-core\3.3.10.RELEASE\reactor-core-3.3.10.RELEASE.jar;C:\Users\viele\.m2\repository\org\reactivestreams\reactive-streams\1.0.3\reactive-streams-1.0.3.jar;C:\Users\viele\.m2\repository\org\testcontainers\elasticsearch\1.15.1\elasticsearch-1.15.1.jar;C:\Users\viele\.m2\repository\org\testcontainers\testcontainers\1.15.1\testcontainers-1.15.1.jar;C:\Users\viele\.m2\repository\junit\junit\4.13\junit-4.13.jar;C:\Users\viele\.m2\repository\org\hamcrest\hamcrest-core\2.2\hamcrest-core-2.2.jar;C:\Users\viele\.m2\repository\org\apache\commons\commons-compress\1.20\commons-compress-1.20.jar;C:\Users\viele\.m2\repository\org\rnorth\duct-tape\duct-tape\1.0.8\duct-tape-1.0.8.jar;C:\Users\viele\.m2\repository\org\rnorth\visible-assertions\visible-assertions\2.1.2\visible-assertions-2.1.2.jar;C:\Users\viele\.m2\repository\net\java\dev\jna\jna\5.2.0\jna-5.2.0.jar;C:\Users\viele\.m2\repository\com\github\docker-java\docker-java-api\3.2.7\docker-java-api-3.2.7.jar;C:\Users\viele\.m2\repository\com\github\docker-java\docker-java-transport-zerodep\3.2.7\docker-java-transport-zerodep-3.2.7.jar;C:\Users\viele\.m2\repository\com\github\docker-java\docker-java-transport\3.2.7\docker-java-transport-3.2.7.jar;"/>
    <property name="java.vm.vendor" value="Oracle Corporation"/>
    <property name="sun.arch.data.model" value="64"/>
    <property name="user.variant" value=""/>
    <property name="java.vendor.url" value="https://java.oracle.com/"/>
    <property name="user.timezone" value="Asia/Almaty"/>
    <property name="os.name" value="Windows 10"/>
    <property name="java.vm.specification.version" value="14"/>
    <property name="sun.java.launcher" value="SUN_STANDARD"/>
    <property name="user.country" value="RU"/>
    <property name="sun.boot.library.path" value="C:\Program Files\jdk-14\bin"/>
    <property name="sun.java.command" value="C:\Users\viele\AppData\Local\Temp\surefire10706922441208778080\surefirebooter12030810751049547153.jar C:\Users\viele\AppData\Local\Temp\surefire10706922441208778080 2020-12-30T16-43-56_936-jvmRun1 surefire16522000748276907582tmp surefire_017973318394609507507tmp"/>
    <property name="jdk.debug" value="release"/>
    <property name="surefire.test.class.path" value="C:\Users\viele\IdeaProjects\kids.shop.project\cloth.service\target\test-classes;C:\Users\viele\IdeaProjects\kids.shop.project\cloth.service\target\classes;C:\Users\viele\.m2\repository\org\springframework\boot\spring-boot-starter-data-elasticsearch\2.3.4.RELEASE\spring-boot-starter-data-elasticsearch-2.3.4.RELEASE.jar;C:\Users\viele\.m2\repository\org\springframework\boot\spring-boot-starter\2.3.4.RELEASE\spring-boot-starter-2.3.4.RELEASE.jar;C:\Users\viele\.m2\repository\org\springframework\boot\spring-boot\2.3.4.RELEASE\spring-boot-2.3.4.RELEASE.jar;C:\Users\viele\.m2\repository\org\springframework\boot\spring-boot-autoconfigure\2.3.4.RELEASE\spring-boot-autoconfigure-2.3.4.RELEASE.jar;C:\Users\viele\.m2\repository\org\springframework\boot\spring-boot-starter-logging\2.3.4.RELEASE\spring-boot-starter-logging-2.3.4.RELEASE.jar;C:\Users\viele\.m2\repository\ch\qos\logback\logback-classic\1.2.3\logback-classic-1.2.3.jar;C:\Users\viele\.m2\repository\ch\qos\logback\logback-core\1.2.3\logback-core-1.2.3.jar;C:\Users\viele\.m2\repository\org\apache\logging\log4j\log4j-to-slf4j\2.13.3\log4j-to-slf4j-2.13.3.jar;C:\Users\viele\.m2\repository\org\apache\logging\log4j\log4j-api\2.13.3\log4j-api-2.13.3.jar;C:\Users\viele\.m2\repository\org\slf4j\jul-to-slf4j\1.7.30\jul-to-slf4j-1.7.30.jar;C:\Users\viele\.m2\repository\jakarta\annotation\jakarta.annotation-api\1.3.5\jakarta.annotation-api-1.3.5.jar;C:\Users\viele\.m2\repository\org\yaml\snakeyaml\1.26\snakeyaml-1.26.jar;C:\Users\viele\.m2\repository\org\springframework\data\spring-data-elasticsearch\4.0.4.RELEASE\spring-data-elasticsearch-4.0.4.RELEASE.jar;C:\Users\viele\.m2\repository\org\springframework\spring-context\5.2.9.RELEASE\spring-context-5.2.9.RELEASE.jar;C:\Users\viele\.m2\repository\org\springframework\spring-aop\5.2.9.RELEASE\spring-aop-5.2.9.RELEASE.jar;C:\Users\viele\.m2\repository\org\springframework\spring-expression\5.2.9.RELEASE\spring-expression-5.2.9.RELEASE.jar;C:\Users\viele\.m2\repository\org\springframework\spring-tx\5.2.9.RELEASE\spring-tx-5.2.9.RELEASE.jar;C:\Users\viele\.m2\repository\org\springframework\data\spring-data-commons\2.3.4.RELEASE\spring-data-commons-2.3.4.RELEASE.jar;C:\Users\viele\.m2\repository\org\elasticsearch\plugin\transport-netty4-client\7.6.2\transport-netty4-client-7.6.2.jar;C:\Users\viele\.m2\repository\io\netty\netty-buffer\4.1.52.Final\netty-buffer-4.1.52.Final.jar;C:\Users\viele\.m2\repository\io\netty\netty-codec\4.1.52.Final\netty-codec-4.1.52.Final.jar;C:\Users\viele\.m2\repository\io\netty\netty-codec-http\4.1.52.Final\netty-codec-http-4.1.52.Final.jar;C:\Users\viele\.m2\repository\io\netty\netty-common\4.1.52.Final\netty-common-4.1.52.Final.jar;C:\Users\viele\.m2\repository\io\netty\netty-handler\4.1.52.Final\netty-handler-4.1.52.Final.jar;C:\Users\viele\.m2\repository\io\netty\netty-resolver\4.1.52.Final\netty-resolver-4.1.52.Final.jar;C:\Users\viele\.m2\repository\io\netty\netty-transport\4.1.52.Final\netty-transport-4.1.52.Final.jar;C:\Users\viele\.m2\repository\org\elasticsearch\client\elasticsearch-rest-high-level-client\7.6.2\elasticsearch-rest-high-level-client-7.6.2.jar;C:\Users\viele\.m2\repository\org\elasticsearch\elasticsearch\7.6.2\elasticsearch-7.6.2.jar;C:\Users\viele\.m2\repository\org\elasticsearch\elasticsearch-core\7.6.2\elasticsearch-core-7.6.2.jar;C:\Users\viele\.m2\repository\org\elasticsearch\elasticsearch-secure-sm\7.6.2\elasticsearch-secure-sm-7.6.2.jar;C:\Users\viele\.m2\repository\org\elasticsearch\elasticsearch-x-content\7.6.2\elasticsearch-x-content-7.6.2.jar;C:\Users\viele\.m2\repository\com\fasterxml\jackson\dataformat\jackson-dataformat-smile\2.11.2\jackson-dataformat-smile-2.11.2.jar;C:\Users\viele\.m2\repository\com\fasterxml\jackson\dataformat\jackson-dataformat-yaml\2.11.2\jackson-dataformat-yaml-2.11.2.jar;C:\Users\viele\.m2\repository\com\fasterxml\jackson\dataformat\jackson-dataformat-cbor\2.11.2\jackson-dataformat-cbor-2.11.2.jar;C:\Users\viele\.m2\repository\org\elasticsearch\elasticsearch-geo\7.6.2\elasticsearch-geo-7.6.2.jar;C:\Users\viele\.m2\repository\org\apache\lucene\lucene-core\8.4.0\lucene-core-8.4.0.jar;C:\Users\viele\.m2\repository\org\apache\lucene\lucene-analyzers-common\8.4.0\lucene-analyzers-common-8.4.0.jar;C:\Users\viele\.m2\repository\org\apache\lucene\lucene-backward-codecs\8.4.0\lucene-backward-codecs-8.4.0.jar;C:\Users\viele\.m2\repository\org\apache\lucene\lucene-grouping\8.4.0\lucene-grouping-8.4.0.jar;C:\Users\viele\.m2\repository\org\apache\lucene\lucene-highlighter\8.4.0\lucene-highlighter-8.4.0.jar;C:\Users\viele\.m2\repository\org\apache\lucene\lucene-join\8.4.0\lucene-join-8.4.0.jar;C:\Users\viele\.m2\repository\org\apache\lucene\lucene-memory\8.4.0\lucene-memory-8.4.0.jar;C:\Users\viele\.m2\repository\org\apache\lucene\lucene-misc\8.4.0\lucene-misc-8.4.0.jar;C:\Users\viele\.m2\repository\org\apache\lucene\lucene-queries\8.4.0\lucene-queries-8.4.0.jar;C:\Users\viele\.m2\repository\org\apache\lucene\lucene-queryparser\8.4.0\lucene-queryparser-8.4.0.jar;C:\Users\viele\.m2\repository\org\apache\lucene\lucene-sandbox\8.4.0\lucene-sandbox-8.4.0.jar;C:\Users\viele\.m2\repository\org\apache\lucene\lucene-spatial\8.4.0\lucene-spatial-8.4.0.jar;C:\Users\viele\.m2\repository\org\apache\lucene\lucene-spatial-extras\8.4.0\lucene-spatial-extras-8.4.0.jar;C:\Users\viele\.m2\repository\org\apache\lucene\lucene-spatial3d\8.4.0\lucene-spatial3d-8.4.0.jar;C:\Users\viele\.m2\repository\org\apache\lucene\lucene-suggest\8.4.0\lucene-suggest-8.4.0.jar;C:\Users\viele\.m2\repository\org\elasticsearch\elasticsearch-cli\7.6.2\elasticsearch-cli-7.6.2.jar;C:\Users\viele\.m2\repository\net\sf\jopt-simple\jopt-simple\5.0.2\jopt-simple-5.0.2.jar;C:\Users\viele\.m2\repository\com\carrotsearch\hppc\0.8.1\hppc-0.8.1.jar;C:\Users\viele\.m2\repository\joda-time\joda-time\2.10.4\joda-time-2.10.4.jar;C:\Users\viele\.m2\repository\com\tdunning\t-digest\3.2\t-digest-3.2.jar;C:\Users\viele\.m2\repository\org\elasticsearch\jna\4.5.1\jna-4.5.1.jar;C:\Users\viele\.m2\repository\org\elasticsearch\client\elasticsearch-rest-client\7.6.2\elasticsearch-rest-client-7.6.2.jar;C:\Users\viele\.m2\repository\org\apache\httpcomponents\httpasyncclient\4.1.4\httpasyncclient-4.1.4.jar;C:\Users\viele\.m2\repository\org\apache\httpcomponents\httpcore-nio\4.4.13\httpcore-nio-4.4.13.jar;C:\Users\viele\.m2\repository\org\elasticsearch\plugin\mapper-extras-client\7.6.2\mapper-extras-client-7.6.2.jar;C:\Users\viele\.m2\repository\org\elasticsearch\plugin\parent-join-client\7.6.2\parent-join-client-7.6.2.jar;C:\Users\viele\.m2\repository\org\elasticsearch\plugin\aggs-matrix-stats-client\7.6.2\aggs-matrix-stats-client-7.6.2.jar;C:\Users\viele\.m2\repository\org\elasticsearch\plugin\rank-eval-client\7.6.2\rank-eval-client-7.6.2.jar;C:\Users\viele\.m2\repository\org\elasticsearch\plugin\lang-mustache-client\7.6.2\lang-mustache-client-7.6.2.jar;C:\Users\viele\.m2\repository\com\github\spullara\mustache\java\compiler\0.9.6\compiler-0.9.6.jar;C:\Users\viele\.m2\repository\com\fasterxml\jackson\core\jackson-core\2.11.2\jackson-core-2.11.2.jar;C:\Users\viele\.m2\repository\org\slf4j\slf4j-api\1.7.30\slf4j-api-1.7.30.jar;C:\Users\viele\.m2\repository\org\springframework\boot\spring-boot-starter-validation\2.3.4.RELEASE\spring-boot-starter-validation-2.3.4.RELEASE.jar;C:\Users\viele\.m2\repository\org\glassfish\jakarta.el\3.0.3\jakarta.el-3.0.3.jar;C:\Users\viele\.m2\repository\org\hibernate\validator\hibernate-validator\6.1.5.Final\hibernate-validator-6.1.5.Final.jar;C:\Users\viele\.m2\repository\jakarta\validation\jakarta.validation-api\2.0.2\jakarta.validation-api-2.0.2.jar;C:\Users\viele\.m2\repository\org\jboss\logging\jboss-logging\3.4.1.Final\jboss-logging-3.4.1.Final.jar;C:\Users\viele\.m2\repository\com\fasterxml\classmate\1.5.1\classmate-1.5.1.jar;C:\Users\viele\.m2\repository\org\springframework\boot\spring-boot-starter-webflux\2.3.4.RELEASE\spring-boot-starter-webflux-2.3.4.RELEASE.jar;C:\Users\viele\.m2\repository\org\springframework\boot\spring-boot-starter-json\2.3.4.RELEASE\spring-boot-starter-json-2.3.4.RELEASE.jar;C:\Users\viele\.m2\repository\com\fasterxml\jackson\datatype\jackson-datatype-jdk8\2.11.2\jackson-datatype-jdk8-2.11.2.jar;C:\Users\viele\.m2\repository\com\fasterxml\jackson\datatype\jackson-datatype-jsr310\2.11.2\jackson-datatype-jsr310-2.11.2.jar;C:\Users\viele\.m2\repository\com\fasterxml\jackson\module\jackson-module-parameter-names\2.11.2\jackson-module-parameter-names-2.11.2.jar;C:\Users\viele\.m2\repository\org\springframework\boot\spring-boot-starter-reactor-netty\2.3.4.RELEASE\spring-boot-starter-reactor-netty-2.3.4.RELEASE.jar;C:\Users\viele\.m2\repository\io\projectreactor\netty\reactor-netty\0.9.12.RELEASE\reactor-netty-0.9.12.RELEASE.jar;C:\Users\viele\.m2\repository\io\netty\netty-codec-http2\4.1.52.Final\netty-codec-http2-4.1.52.Final.jar;C:\Users\viele\.m2\repository\io\netty\netty-handler-proxy\4.1.52.Final\netty-handler-proxy-4.1.52.Final.jar;C:\Users\viele\.m2\repository\io\netty\netty-codec-socks\4.1.52.Final\netty-codec-socks-4.1.52.Final.jar;C:\Users\viele\.m2\repository\io\netty\netty-transport-native-epoll\4.1.52.Final\netty-transport-native-epoll-4.1.52.Final-linux-x86_64.jar;C:\Users\viele\.m2\repository\io\netty\netty-transport-native-unix-common\4.1.52.Final\netty-transport-native-unix-common-4.1.52.Final.jar;C:\Users\viele\.m2\repository\org\springframework\spring-web\5.2.9.RELEASE\spring-web-5.2.9.RELEASE.jar;C:\Users\viele\.m2\repository\org\springframework\spring-beans\5.2.9.RELEASE\spring-beans-5.2.9.RELEASE.jar;C:\Users\viele\.m2\repository\org\springframework\spring-webflux\5.2.9.RELEASE\spring-webflux-5.2.9.RELEASE.jar;C:\Users\viele\.m2\repository\org\synchronoss\cloud\nio-multipart-parser\1.1.0\nio-multipart-parser-1.1.0.jar;C:\Users\viele\.m2\repository\org\synchronoss\cloud\nio-stream-storage\1.1.3\nio-stream-storage-1.1.3.jar;C:\Users\viele\.m2\repository\org\springframework\cloud\spring-cloud-starter-netflix-eureka-client\2.2.5.RELEASE\spring-cloud-starter-netflix-eureka-client-2.2.5.RELEASE.jar;C:\Users\viele\.m2\repository\org\springframework\cloud\spring-cloud-starter\2.2.5.RELEASE\spring-cloud-starter-2.2.5.RELEASE.jar;C:\Users\viele\.m2\repository\org\springframework\cloud\spring-cloud-context\2.2.5.RELEASE\spring-cloud-context-2.2.5.RELEASE.jar;C:\Users\viele\.m2\repository\org\springframework\security\spring-security-crypto\5.3.4.RELEASE\spring-security-crypto-5.3.4.RELEASE.jar;C:\Users\viele\.m2\repository\org\springframework\cloud\spring-cloud-commons\2.2.5.RELEASE\spring-cloud-commons-2.2.5.RELEASE.jar;C:\Users\viele\.m2\repository\org\springframework\security\spring-security-rsa\1.0.9.RELEASE\spring-security-rsa-1.0.9.RELEASE.jar;C:\Users\viele\.m2\repository\org\bouncycastle\bcpkix-jdk15on\1.64\bcpkix-jdk15on-1.64.jar;C:\Users\viele\.m2\repository\org\bouncycastle\bcprov-jdk15on\1.64\bcprov-jdk15on-1.64.jar;C:\Users\viele\.m2\repository\org\springframework\cloud\spring-cloud-netflix-hystrix\2.2.5.RELEASE\spring-cloud-netflix-hystrix-2.2.5.RELEASE.jar;C:\Users\viele\.m2\repository\org\springframework\boot\spring-boot-starter-aop\2.3.4.RELEASE\spring-boot-starter-aop-2.3.4.RELEASE.jar;C:\Users\viele\.m2\repository\org\aspectj\aspectjweaver\1.9.6\aspectjweaver-1.9.6.jar;C:\Users\viele\.m2\repository\org\springframework\cloud\spring-cloud-netflix-eureka-client\2.2.5.RELEASE\spring-cloud-netflix-eureka-client-2.2.5.RELEASE.jar;C:\Users\viele\.m2\repository\com\netflix\eureka\eureka-client\1.9.25\eureka-client-1.9.25.jar;C:\Users\viele\.m2\repository\org\codehaus\jettison\jettison\1.3.7\jettison-1.3.7.jar;C:\Users\viele\.m2\repository\stax\stax-api\1.0.1\stax-api-1.0.1.jar;C:\Users\viele\.m2\repository\com\netflix\netflix-commons\netflix-eventbus\0.3.0\netflix-eventbus-0.3.0.jar;C:\Users\viele\.m2\repository\com\netflix\netflix-commons\netflix-infix\0.3.0\netflix-infix-0.3.0.jar;C:\Users\viele\.m2\repository\commons-jxpath\commons-jxpath\1.3\commons-jxpath-1.3.jar;C:\Users\viele\.m2\repository\org\antlr\antlr-runtime\3.4\antlr-runtime-3.4.jar;C:\Users\viele\.m2\repository\org\antlr\stringtemplate\3.2.1\stringtemplate-3.2.1.jar;C:\Users\viele\.m2\repository\antlr\antlr\2.7.7\antlr-2.7.7.jar;C:\Users\viele\.m2\repository\com\google\code\gson\gson\2.8.6\gson-2.8.6.jar;C:\Users\viele\.m2\repository\org\apache\commons\commons-math\2.2\commons-math-2.2.jar;C:\Users\viele\.m2\repository\com\netflix\archaius\archaius-core\0.7.6\archaius-core-0.7.6.jar;C:\Users\viele\.m2\repository\com\google\guava\guava\29.0-jre\guava-29.0-jre.jar;C:\Users\viele\.m2\repository\com\google\guava\failureaccess\1.0.1\failureaccess-1.0.1.jar;C:\Users\viele\.m2\repository\com\google\guava\listenablefuture\9999.0-empty-to-avoid-conflict-with-guava\listenablefuture-9999.0-empty-to-avoid-conflict-with-guava.jar;C:\Users\viele\.m2\repository\org\checkerframework\checker-qual\2.11.1\checker-qual-2.11.1.jar;C:\Users\viele\.m2\repository\com\google\errorprone\error_prone_annotations\2.3.4\error_prone_annotations-2.3.4.jar;C:\Users\viele\.m2\repository\com\google\j2objc\j2objc-annotations\1.3\j2objc-annotations-1.3.jar;C:\Users\viele\.m2\repository\javax\ws\rs\jsr311-api\1.1.1\jsr311-api-1.1.1.jar;C:\Users\viele\.m2\repository\com\netflix\servo\servo-core\0.12.21\servo-core-0.12.21.jar;C:\Users\viele\.m2\repository\com\sun\jersey\jersey-core\1.19.1\jersey-core-1.19.1.jar;C:\Users\viele\.m2\repository\com\sun\jersey\jersey-client\1.19.1\jersey-client-1.19.1.jar;C:\Users\viele\.m2\repository\com\sun\jersey\contribs\jersey-apache-client4\1.19.1\jersey-apache-client4-1.19.1.jar;C:\Users\viele\.m2\repository\org\apache\httpcomponents\httpclient\4.5.12\httpclient-4.5.12.jar;C:\Users\viele\.m2\repository\org\apache\httpcomponents\httpcore\4.4.13\httpcore-4.4.13.jar;C:\Users\viele\.m2\repository\commons-codec\commons-codec\1.14\commons-codec-1.14.jar;C:\Users\viele\.m2\repository\commons-configuration\commons-configuration\1.10\commons-configuration-1.10.jar;C:\Users\viele\.m2\repository\commons-lang\commons-lang\2.6\commons-lang-2.6.jar;C:\Users\viele\.m2\repository\com\google\inject\guice\4.1.0\guice-4.1.0.jar;C:\Users\viele\.m2\repository\javax\inject\javax.inject\1\javax.inject-1.jar;C:\Users\viele\.m2\repository\aopalliance\aopalliance\1.0\aopalliance-1.0.jar;C:\Users\viele\.m2\repository\com\fasterxml\jackson\core\jackson-annotations\2.11.2\jackson-annotations-2.11.2.jar;C:\Users\viele\.m2\repository\com\netflix\eureka\eureka-core\1.9.25\eureka-core-1.9.25.jar;C:\Users\viele\.m2\repository\com\fasterxml\woodstox\woodstox-core\5.3.0\woodstox-core-5.3.0.jar;C:\Users\viele\.m2\repository\org\codehaus\woodstox\stax2-api\4.2\stax2-api-4.2.jar;C:\Users\viele\.m2\repository\org\springframework\cloud\spring-cloud-starter-netflix-archaius\2.2.5.RELEASE\spring-cloud-starter-netflix-archaius-2.2.5.RELEASE.jar;C:\Users\viele\.m2\repository\org\springframework\cloud\spring-cloud-netflix-ribbon\2.2.5.RELEASE\spring-cloud-netflix-ribbon-2.2.5.RELEASE.jar;C:\Users\viele\.m2\repository\org\springframework\cloud\spring-cloud-netflix-archaius\2.2.5.RELEASE\spring-cloud-netflix-archaius-2.2.5.RELEASE.jar;C:\Users\viele\.m2\repository\org\springframework\cloud\spring-cloud-starter-netflix-ribbon\2.2.5.RELEASE\spring-cloud-starter-netflix-ribbon-2.2.5.RELEASE.jar;C:\Users\viele\.m2\repository\com\netflix\ribbon\ribbon\2.3.0\ribbon-2.3.0.jar;C:\Users\viele\.m2\repository\com\netflix\ribbon\ribbon-transport\2.3.0\ribbon-transport-2.3.0.jar;C:\Users\viele\.m2\repository\io\reactivex\rxnetty-contexts\0.4.9\rxnetty-contexts-0.4.9.jar;C:\Users\viele\.m2\repository\io\reactivex\rxnetty-servo\0.4.9\rxnetty-servo-0.4.9.jar;C:\Users\viele\.m2\repository\com\netflix\hystrix\hystrix-core\1.5.18\hystrix-core-1.5.18.jar;C:\Users\viele\.m2\repository\io\reactivex\rxnetty\0.4.9\rxnetty-0.4.9.jar;C:\Users\viele\.m2\repository\com\netflix\ribbon\ribbon-core\2.3.0\ribbon-core-2.3.0.jar;C:\Users\viele\.m2\repository\com\netflix\ribbon\ribbon-httpclient\2.3.0\ribbon-httpclient-2.3.0.jar;C:\Users\viele\.m2\repository\commons-collections\commons-collections\3.2.2\commons-collections-3.2.2.jar;C:\Users\viele\.m2\repository\com\netflix\netflix-commons\netflix-commons-util\0.3.0\netflix-commons-util-0.3.0.jar;C:\Users\viele\.m2\repository\com\netflix\ribbon\ribbon-loadbalancer\2.3.0\ribbon-loadbalancer-2.3.0.jar;C:\Users\viele\.m2\repository\com\netflix\netflix-commons\netflix-statistics\0.1.1\netflix-statistics-0.1.1.jar;C:\Users\viele\.m2\repository\io\reactivex\rxjava\1.3.8\rxjava-1.3.8.jar;C:\Users\viele\.m2\repository\org\springframework\cloud\spring-cloud-starter-loadbalancer\2.2.5.RELEASE\spring-cloud-starter-loadbalancer-2.2.5.RELEASE.jar;C:\Users\viele\.m2\repository\org\springframework\cloud\spring-cloud-loadbalancer\2.2.5.RELEASE\spring-cloud-loadbalancer-2.2.5.RELEASE.jar;C:\Users\viele\.m2\repository\io\projectreactor\addons\reactor-extra\3.3.4.RELEASE\reactor-extra-3.3.4.RELEASE.jar;C:\Users\viele\.m2\repository\org\springframework\boot\spring-boot-starter-cache\2.3.4.RELEASE\spring-boot-starter-cache-2.3.4.RELEASE.jar;C:\Users\viele\.m2\repository\org\springframework\spring-context-support\5.2.9.RELEASE\spring-context-support-5.2.9.RELEASE.jar;C:\Users\viele\.m2\repository\com\stoyanr\evictor\1.0.0\evictor-1.0.0.jar;C:\Users\viele\.m2\repository\com\netflix\ribbon\ribbon-eureka\2.3.0\ribbon-eureka-2.3.0.jar;C:\Users\viele\.m2\repository\com\thoughtworks\xstream\xstream\1.4.11.1\xstream-1.4.11.1.jar;C:\Users\viele\.m2\repository\xmlpull\xmlpull\1.1.3.1\xmlpull-1.1.3.1.jar;C:\Users\viele\.m2\repository\xpp3\xpp3_min\1.1.4c\xpp3_min-1.1.4c.jar;C:\Users\viele\.m2\repository\org\springframework\boot\spring-boot-starter-actuator\2.3.4.RELEASE\spring-boot-starter-actuator-2.3.4.RELEASE.jar;C:\Users\viele\.m2\repository\org\springframework\boot\spring-boot-actuator-autoconfigure\2.3.4.RELEASE\spring-boot-actuator-autoconfigure-2.3.4.RELEASE.jar;C:\Users\viele\.m2\repository\org\springframework\boot\spring-boot-actuator\2.3.4.RELEASE\spring-boot-actuator-2.3.4.RELEASE.jar;C:\Users\viele\.m2\repository\io\micrometer\micrometer-core\1.5.5\micrometer-core-1.5.5.jar;C:\Users\viele\.m2\repository\org\hdrhistogram\HdrHistogram\2.1.12\HdrHistogram-2.1.12.jar;C:\Users\viele\.m2\repository\org\latencyutils\LatencyUtils\2.0.3\LatencyUtils-2.0.3.jar;C:\Users\viele\.m2\repository\org\springframework\cloud\spring-cloud-starter-config\2.2.5.RELEASE\spring-cloud-starter-config-2.2.5.RELEASE.jar;C:\Users\viele\.m2\repository\org\springframework\cloud\spring-cloud-config-client\2.2.5.RELEASE\spring-cloud-config-client-2.2.5.RELEASE.jar;C:\Users\viele\.m2\repository\com\fasterxml\jackson\core\jackson-databind\2.11.2\jackson-databind-2.11.2.jar;C:\Users\viele\.m2\repository\org\springframework\cloud\spring-cloud-starter-bus-amqp\2.2.3.RELEASE\spring-cloud-starter-bus-amqp-2.2.3.RELEASE.jar;C:\Users\viele\.m2\repository\org\springframework\cloud\spring-cloud-starter-stream-rabbit\3.0.8.RELEASE\spring-cloud-starter-stream-rabbit-3.0.8.RELEASE.jar;C:\Users\viele\.m2\repository\org\springframework\cloud\spring-cloud-stream-binder-rabbit\3.0.8.RELEASE\spring-cloud-stream-binder-rabbit-3.0.8.RELEASE.jar;C:\Users\viele\.m2\repository\org\springframework\cloud\spring-cloud-stream-binder-rabbit-core\3.0.8.RELEASE\spring-cloud-stream-binder-rabbit-core-3.0.8.RELEASE.jar;C:\Users\viele\.m2\repository\org\springframework\integration\spring-integration-amqp\5.3.2.RELEASE\spring-integration-amqp-5.3.2.RELEASE.jar;C:\Users\viele\.m2\repository\com\rabbitmq\http-client\2.1.0.RELEASE\http-client-2.1.0.RELEASE.jar;C:\Users\viele\.m2\repository\org\springframework\boot\spring-boot-starter-amqp\2.3.4.RELEASE\spring-boot-starter-amqp-2.3.4.RELEASE.jar;C:\Users\viele\.m2\repository\org\springframework\amqp\spring-rabbit\2.2.11.RELEASE\spring-rabbit-2.2.11.RELEASE.jar;C:\Users\viele\.m2\repository\com\rabbitmq\amqp-client\5.9.0\amqp-client-5.9.0.jar;C:\Users\viele\.m2\repository\org\springframework\amqp\spring-amqp\2.2.11.RELEASE\spring-amqp-2.2.11.RELEASE.jar;C:\Users\viele\.m2\repository\org\springframework\integration\spring-integration-jmx\5.3.2.RELEASE\spring-integration-jmx-5.3.2.RELEASE.jar;C:\Users\viele\.m2\repository\org\springframework\cloud\spring-cloud-bus\2.2.3.RELEASE\spring-cloud-bus-2.2.3.RELEASE.jar;C:\Users\viele\.m2\repository\org\springframework\cloud\spring-cloud-stream\3.0.8.RELEASE\spring-cloud-stream-3.0.8.RELEASE.jar;C:\Users\viele\.m2\repository\org\springframework\spring-messaging\5.2.9.RELEASE\spring-messaging-5.2.9.RELEASE.jar;C:\Users\viele\.m2\repository\org\springframework\retry\spring-retry\1.2.5.RELEASE\spring-retry-1.2.5.RELEASE.jar;C:\Users\viele\.m2\repository\org\springframework\cloud\spring-cloud-function-context\3.0.10.RELEASE\spring-cloud-function-context-3.0.10.RELEASE.jar;C:\Users\viele\.m2\repository\net\jodah\typetools\0.6.2\typetools-0.6.2.jar;C:\Users\viele\.m2\repository\org\springframework\cloud\spring-cloud-function-core\3.0.10.RELEASE\spring-cloud-function-core-3.0.10.RELEASE.jar;C:\Users\viele\.m2\repository\javax\annotation\javax.annotation-api\1.3.2\javax.annotation-api-1.3.2.jar;C:\Users\viele\.m2\repository\org\springframework\integration\spring-integration-core\5.3.2.RELEASE\spring-integration-core-5.3.2.RELEASE.jar;C:\Users\viele\.m2\repository\org\springframework\boot\spring-boot-configuration-processor\2.3.4.RELEASE\spring-boot-configuration-processor-2.3.4.RELEASE.jar;C:\Users\viele\.m2\repository\org\projectlombok\lombok\1.18.12\lombok-1.18.12.jar;C:\Users\viele\.m2\repository\org\springframework\boot\spring-boot-starter-test\2.3.4.RELEASE\spring-boot-starter-test-2.3.4.RELEASE.jar;C:\Users\viele\.m2\repository\org\springframework\boot\spring-boot-test\2.3.4.RELEASE\spring-boot-test-2.3.4.RELEASE.jar;C:\Users\viele\.m2\repository\org\springframework\boot\spring-boot-test-autoconfigure\2.3.4.RELEASE\spring-boot-test-autoconfigure-2.3.4.RELEASE.jar;C:\Users\viele\.m2\repository\com\jayway\jsonpath\json-path\2.4.0\json-path-2.4.0.jar;C:\Users\viele\.m2\repository\net\minidev\json-smart\2.3\json-smart-2.3.jar;C:\Users\viele\.m2\repository\net\minidev\accessors-smart\1.2\accessors-smart-1.2.jar;C:\Users\viele\.m2\repository\org\ow2\asm\asm\5.0.4\asm-5.0.4.jar;C:\Users\viele\.m2\repository\jakarta\xml\bind\jakarta.xml.bind-api\2.3.3\jakarta.xml.bind-api-2.3.3.jar;C:\Users\viele\.m2\repository\jakarta\activation\jakarta.activation-api\1.2.2\jakarta.activation-api-1.2.2.jar;C:\Users\viele\.m2\repository\org\assertj\assertj-core\3.16.1\assertj-core-3.16.1.jar;C:\Users\viele\.m2\repository\org\hamcrest\hamcrest\2.2\hamcrest-2.2.jar;C:\Users\viele\.m2\repository\org\junit\jupiter\junit-jupiter\5.6.2\junit-jupiter-5.6.2.jar;C:\Users\viele\.m2\repository\org\junit\jupiter\junit-jupiter-api\5.6.2\junit-jupiter-api-5.6.2.jar;C:\Users\viele\.m2\repository\org\apiguardian\apiguardian-api\1.1.0\apiguardian-api-1.1.0.jar;C:\Users\viele\.m2\repository\org\opentest4j\opentest4j\1.2.0\opentest4j-1.2.0.jar;C:\Users\viele\.m2\repository\org\junit\platform\junit-platform-commons\1.6.2\junit-platform-commons-1.6.2.jar;C:\Users\viele\.m2\repository\org\junit\jupiter\junit-jupiter-params\5.6.2\junit-jupiter-params-5.6.2.jar;C:\Users\viele\.m2\repository\org\junit\jupiter\junit-jupiter-engine\5.6.2\junit-jupiter-engine-5.6.2.jar;C:\Users\viele\.m2\repository\org\junit\platform\junit-platform-engine\1.6.2\junit-platform-engine-1.6.2.jar;C:\Users\viele\.m2\repository\org\mockito\mockito-core\3.3.3\mockito-core-3.3.3.jar;C:\Users\viele\.m2\repository\net\bytebuddy\byte-buddy\1.10.14\byte-buddy-1.10.14.jar;C:\Users\viele\.m2\repository\net\bytebuddy\byte-buddy-agent\1.10.14\byte-buddy-agent-1.10.14.jar;C:\Users\viele\.m2\repository\org\objenesis\objenesis\2.6\objenesis-2.6.jar;C:\Users\viele\.m2\repository\org\mockito\mockito-junit-jupiter\3.3.3\mockito-junit-jupiter-3.3.3.jar;C:\Users\viele\.m2\repository\org\skyscreamer\jsonassert\1.5.0\jsonassert-1.5.0.jar;C:\Users\viele\.m2\repository\com\vaadin\external\google\android-json\0.0.20131108.vaadin1\android-json-0.0.20131108.vaadin1.jar;C:\Users\viele\.m2\repository\org\springframework\spring-core\5.2.9.RELEASE\spring-core-5.2.9.RELEASE.jar;C:\Users\viele\.m2\repository\org\springframework\spring-jcl\5.2.9.RELEASE\spring-jcl-5.2.9.RELEASE.jar;C:\Users\viele\.m2\repository\org\springframework\spring-test\5.2.9.RELEASE\spring-test-5.2.9.RELEASE.jar;C:\Users\viele\.m2\repository\org\xmlunit\xmlunit-core\2.7.0\xmlunit-core-2.7.0.jar;C:\Users\viele\.m2\repository\io\projectreactor\reactor-test\3.3.10.RELEASE\reactor-test-3.3.10.RELEASE.jar;C:\Users\viele\.m2\repository\io\projectreactor\reactor-core\3.3.10.RELEASE\reactor-core-3.3.10.RELEASE.jar;C:\Users\viele\.m2\repository\org\reactivestreams\reactive-streams\1.0.3\reactive-streams-1.0.3.jar;C:\Users\viele\.m2\repository\org\testcontainers\elasticsearch\1.15.1\elasticsearch-1.15.1.jar;C:\Users\viele\.m2\repository\org\testcontainers\testcontainers\1.15.1\testcontainers-1.15.1.jar;C:\Users\viele\.m2\repository\junit\junit\4.13\junit-4.13.jar;C:\Users\viele\.m2\repository\org\hamcrest\hamcrest-core\2.2\hamcrest-core-2.2.jar;C:\Users\viele\.m2\repository\org\apache\commons\commons-compress\1.20\commons-compress-1.20.jar;C:\Users\viele\.m2\repository\org\rnorth\duct-tape\duct-tape\1.0.8\duct-tape-1.0.8.jar;C:\Users\viele\.m2\repository\org\rnorth\visible-assertions\visible-assertions\2.1.2\visible-assertions-2.1.2.jar;C:\Users\viele\.m2\repository\net\java\dev\jna\jna\5.2.0\jna-5.2.0.jar;C:\Users\viele\.m2\repository\com\github\docker-java\docker-java-api\3.2.7\docker-java-api-3.2.7.jar;C:\Users\viele\.m2\repository\com\github\docker-java\docker-java-transport-zerodep\3.2.7\docker-java-transport-zerodep-3.2.7.jar;C:\Users\viele\.m2\repository\com\github\docker-java\docker-java-transport\3.2.7\docker-java-transport-3.2.7.jar;"/>
    <property name="sun.cpu.endian" value="little"/>
    <property name="user.home" value="C:\Users\viele"/>
    <property name="user.language" value="ru"/>
    <property name="java.specification.vendor" value="Oracle Corporation"/>
    <property name="java.version.date" value="2020-03-17"/>
    <property name="java.home" value="C:\Program Files\jdk-14"/>
    <property name="file.separator" value="\"/>
    <property name="basedir" value="C:\Users\viele\IdeaProjects\kids.shop.project\cloth.service"/>
    <property name="java.vm.compressedOopsMode" value="Zero based"/>
    <property name="line.separator" value="&#10;"/>
    <property name="java.vm.specification.vendor" value="Oracle Corporation"/>
    <property name="java.specification.name" value="Java Platform API Specification"/>
    <property name="surefire.real.class.path" value="C:\Users\viele\AppData\Local\Temp\surefire10706922441208778080\surefirebooter12030810751049547153.jar"/>
    <property name="user.script" value=""/>
    <property name="sun.management.compiler" value="HotSpot 64-Bit Tiered Compilers"/>
    <property name="java.runtime.version" value="14+36-1461"/>
    <property name="user.name" value="viele"/>
    <property name="path.separator" value=";"/>
    <property name="os.version" value="10.0"/>
    <property name="java.runtime.name" value="OpenJDK Runtime Environment"/>
    <property name="file.encoding" value="Cp1251"/>
    <property name="java.vm.name" value="OpenJDK 64-Bit Server VM"/>
    <property name="localRepository" value="C:\Users\viele\.m2\repository"/>
    <property name="java.vendor.url.bug" value="https://bugreport.java.com/bugreport/"/>
    <property name="java.io.tmpdir" value="C:\Users\viele\AppData\Local\Temp\"/>
    <property name="java.version" value="14"/>
    <property name="user.dir" value="C:\Users\viele\IdeaProjects\kids.shop.project\cloth.service"/>
    <property name="os.arch" value="amd64"/>
    <property name="java.vm.specification.name" value="Java Virtual Machine Specification"/>
    <property name="sun.os.patch.level" value=""/>
    <property name="java.library.path" value="C:\Program Files\jdk-14\bin;C:\WINDOWS\Sun\Java\bin;C:\WINDOWS\system32;C:\WINDOWS;C:\WINDOWS\system32;C:\WINDOWS;C:\WINDOWS\System32\Wbem;C:\WINDOWS\System32\WindowsPowerShell\v1.0\;C:\WINDOWS\System32\OpenSSH\;C:\Program Files\apache-maven-3.6.3\bin;C:\Program Files\Git\cmd;C:\Program Files\jdk-14\bin;C:\Go\bin;C:\Program Files\NVIDIA Corporation\NVIDIA NvDLISR;C:\Program Files\Docker\Docker\resources\bin;C:\ProgramData\DockerDesktop\version-bin;C:\Users\viele\go\bin;C:\Program Files\protoc-3.14.0-win64\bin;C:\Program Files\mingw64\bin;C:\Users\viele\scoop\shims;C:\Users\viele\AppData\Local\Microsoft\WindowsApps;C:\Users\viele\go\bin;C:\Program Files\JetBrains\IntelliJ IDEA Community Edition 2020.3\bin;;C:\Users\viele\AppData\Local\Programs\Microsoft VS Code\bin;C:\Program Files\JetBrains\GoLand 2020.3\bin;;."/>
    <property name="java.vm.info" value="mixed mode, sharing"/>
    <property name="java.vendor" value="Oracle Corporation"/>
    <property name="java.vm.version" value="14+36-1461"/>
    <property name="sun.io.unicode.encoding" value="UnicodeLittle"/>
    <property name="java.class.version" value="58.0"/>
  </properties>
  <testcase name="categoryServiceTest_SaveCategory" classname="kz.danke.kids.shop.service.CategoryServiceTest" time="0.004"/>
  <testcase name="categoryServiceTest_FindAll" classname="kz.danke.kids.shop.service.CategoryServiceTest" time="0.001"/>
</testsuite>